Partition Assistant log is as follows:

====================== System Information ======================
Module Path: D:\mayn_deploy_system\petools\PACMDforUSB\PartAssist.exe
Product Name: Windows 7 Ultimate
Service Package: 
OS Version: 6.1
Total Memory: 8083 MB
Available Memory: 5901 MB
System Root: C:\Windows
Processor Architecture: AMD64
Processor Number: 4
Current Time: 2017-2-23 10:26:43
================================================================

[0       ]Utility.cpp(306): 64-bit operating system.
[2       ]MRP.cpp(1070): Failed to copy ampa.exe.
AOMEI Partition Assistant 6.2.0 Technician Edition
[0       ]disk.cpp(168) Disk0 is removble use?0
[0       ]disk.cpp(168) Disk1 is removble use?1



//////////////////////////// Reload Disk Information ////////////////////////////


Disks Summary:
================================================================
Disk Index	Total Sector		Geometry			Product Name
----------	------------		--------			------------
0		468862128 (223.57GB)	(29185,255,63,512)		GALAX   GX240L10A121-A1  (Base Disk)
1		31211520 (14.88GB)	(1942,255,63,512)		Generic Flash Disk       (Base Disk)


Partitions Summary:
================================================================
Disk	Partition	Drive Letter	File System	Total Sector		Used Sector		Free Sector		Partition Status	Pri/Log		DBR Start Sector	End Sector      			MBR Start Sector			Cluster Size	Volume Label
----	---------	------------	-----------	------------		-----------		-----------		----------------	-------		----------------	----------------			----------------			------------	------------
0	1		C:		NTFS(3.1)   	125831167  (60.00GB)	45097288   (21.50GB)	80733879   (38.50GB)	Act Boot Sys        	Primary		2048           		125833215      (7832,192,40)		0           (0,32,33)			8		WIN7
0	2		D:		NTFS(3.1)   	343025663  (163.57GB)	7013208    (3.34GB)	336012455  (160.22GB)	None                	Logical		125835264      		468860927      (29185,61,60)		125835201   (7832,224,10)			8		Èí¼þ

1	1		E:		FAT32       	31211456   (14.88GB)	371064     (181.18MB)	30840392   (14.71GB)	Act                 	Primary		64             		31211519       (1942,210,60)		0           (0,1,2)			8		lankexin

