Partition Assistant log is as follows:

====================== System Information ======================
Module Path: C:\Users\LCL\Desktop\AutoPartition\PETools\PACMDforUSB\PartAssist.exe
Product Name: Windows 10 Pro
Service Package: 
OS Version: 6.3
Total Memory: 7869 MB
Available Memory: 5591 MB
System Root: C:\Windows
Processor Architecture: AMD64
Processor Number: 4
Current Time: 2017-5-13 11:52:33
================================================================

[0       ]Utility.cpp(306): 64-bit operating system.
[2       ]MRP.cpp(1070): Failed to copy ampa.exe.
AOMEI Partition Assistant 6.2.0 Technician Edition
[0       ]disk.cpp(168) Disk0 is removble use?0
[0       ]disk.cpp(168) Disk1 is removble use?1



//////////////////////////// Reload Disk Information ////////////////////////////


Disks Summary:
================================================================
Disk Index	Total Sector		Geometry			Product Name
----------	------------		--------			------------
0		234441648 (111.79GB)	(14593,255,63,512)		Samsung SSD 750 EVO 120GB (Base Disk)
1		30965760 (14.77GB)	(1927,255,63,512)		SanDisk Sandisk Ultra    (Base Disk)


Partitions Summary:
================================================================
Disk	Partition	Drive Letter	File System	Total Sector		Used Sector		Free Sector		Partition Status	Pri/Log		DBR Start Sector	End Sector      			MBR Start Sector			Cluster Size	Volume Label
----	---------	------------	-----------	------------		-----------		-----------		----------------	-------		----------------	----------------			----------------			------------	------------
0	1		C:		NTFS(3.1)   	125831167  (60.00GB)	76327400   (36.40GB)	49503767   (23.61GB)	Act Boot Sys        	Primary		2048           		125833215      (7832,192,40)		0           (0,32,33)			8		
0	2		E:		NTFS(3.1)   	108605439  (51.79GB)	71115712   (33.91GB)	37489727   (17.88GB)	None                	Logical		125835264      		234440703      (14593,66,1)		125835201   (7832,224,10)			8		Èí¼þ

1	1		D:		FAT32       	30965504   (14.77GB)	574176     (280.36MB)	30391328   (14.49GB)	Act                 	Primary		256            		30965759       (1927,134,63)		0           (0,4,5)			16		DVD_ROM

